{"timestamp": "2025-03-15T01:32:17.800742", "level": "INFO", "message": "Arguments and logging setup complete", "logger": "python_fixer", "module": "structured", "function": "info", "line": 131}
{"timestamp": "2025-03-15T01:32:17.800903", "level": "DEBUG", "message": "Registering signal handler: cleanup", "logger": "python_fixer.core.signals", "module": "signals", "function": "register_handler", "line": 137}
{"timestamp": "2025-03-15T01:32:17.805520", "level": "DEBUG", "message": "Restored original handler for SIGINT", "logger": "python_fixer.core.signals", "module": "signals", "function": "unregister_signal", "line": 126}
{"timestamp": "2025-03-15T01:32:17.805564", "level": "DEBUG", "message": "Removing signal handler: cleanup", "logger": "python_fixer.core.signals", "module": "signals", "function": "unregister_handler", "line": 147}
{"timestamp": "2025-03-15T01:32:17.805603", "level": "ERROR", "message": "Initialization failed", "logger": "python_fixer", "module": "structured", "function": "error", "line": 141, "error": {"type": "ProjectError", "message": "Failed to initialize project: Failed to create analyzer: ProjectAnalyzer.__init__() got an unexpected keyword argument 'config'", "traceback": "Traceback (most recent call last):\n  File \"/Users/deadcoast/PycharmProjects/Space_Muck/src/python_fixer/cli.py\", line 677, in initialize_project\n    analyzer = ProjectAnalyzer(\n               ^^^^^^^^^^^^^^^^\nTypeError: ProjectAnalyzer.__init__() got an unexpected keyword argument 'config'\n\nThe above exception was the direct cause of the following exception:\n\nTraceback (most recent call last):\n  File \"/Users/deadcoast/PycharmProjects/Space_Muck/src/python_fixer/cli.py\", line 687, in initialize_project\n    raise ProjectError(f\"Failed to create analyzer: {str(e)}\") from e\nProjectError: Failed to create analyzer: ProjectAnalyzer.__init__() got an unexpected keyword argument 'config'\n\nThe above exception was the direct cause of the following exception:\n\nTraceback (most recent call last):\n  File \"/Users/deadcoast/PycharmProjects/Space_Muck/src/python_fixer/cli.py\", line 481, in _handle_init_command\n    initialize_project(args, config)\n  File \"/Users/deadcoast/PycharmProjects/Space_Muck/src/python_fixer/cli.py\", line 704, in initialize_project\n    raise ProjectError(f\"Failed to initialize project: {str(e)}\") from e\nProjectError: Failed to initialize project: Failed to create analyzer: ProjectAnalyzer.__init__() got an unexpected keyword argument 'config'"}}
{"timestamp": "2025-03-15T01:32:17.806482", "level": "DEBUG", "message": "Removing signal handler: cleanup", "logger": "python_fixer.core.signals", "module": "signals", "function": "unregister_handler", "line": 147}
{"timestamp": "2025-03-15T01:33:32.759573", "level": "INFO", "message": "Arguments and logging setup complete", "logger": "python_fixer", "module": "structured", "function": "info", "line": 131}
{"timestamp": "2025-03-15T01:33:32.759938", "level": "DEBUG", "message": "Registering signal handler: cleanup", "logger": "python_fixer.core.signals", "module": "signals", "function": "register_handler", "line": 137}
{"timestamp": "2025-03-15T01:33:32.764079", "level": "INFO", "message": "Created default config at python_fixer.toml", "logger": "python_fixer.analyzers.project_analysis", "module": "project_analysis", "function": "initialize_project", "line": 75}
{"timestamp": "2025-03-15T01:33:32.764158", "level": "DEBUG", "message": "Restored original handler for SIGINT", "logger": "python_fixer.core.signals", "module": "signals", "function": "unregister_signal", "line": 126}
{"timestamp": "2025-03-15T01:33:32.764190", "level": "DEBUG", "message": "Removing signal handler: cleanup", "logger": "python_fixer.core.signals", "module": "signals", "function": "unregister_handler", "line": 147}
{"timestamp": "2025-03-15T01:33:32.764225", "level": "DEBUG", "message": "Removing signal handler: cleanup", "logger": "python_fixer.core.signals", "module": "signals", "function": "unregister_handler", "line": 147}
{"timestamp": "2025-03-15T01:34:01.709364", "level": "INFO", "message": "Arguments and logging setup complete", "logger": "python_fixer", "module": "structured", "function": "info", "line": 131}
{"timestamp": "2025-03-15T01:34:01.709780", "level": "ERROR", "message": "Unexpected error: ProjectAnalyzer.__init__() got an unexpected keyword argument 'config'", "logger": "python_fixer", "module": "structured", "function": "error", "line": 141}
{"timestamp": "2025-03-15T01:34:01.709899", "level": "DEBUG", "message": "Restored original handler for SIGINT", "logger": "python_fixer.core.signals", "module": "signals", "function": "unregister_signal", "line": 126}
{"timestamp": "2025-03-15T01:34:01.709938", "level": "DEBUG", "message": "Removing signal handler: cleanup", "logger": "python_fixer.core.signals", "module": "signals", "function": "unregister_handler", "line": 147}
{"timestamp": "2025-03-15T01:40:42.024916", "level": "INFO", "message": "Arguments and logging setup complete", "logger": "python_fixer", "module": "structured", "function": "info", "line": 131}
{"timestamp": "2025-03-15T01:40:42.079467", "level": "WARNING", "message": "Error analyzing module ui/__init__.py: invalid syntax (<unknown>, line 9)", "logger": "python_fixer.analyzers.project_analysis", "module": "project_analysis", "function": "_scan_structure", "line": 245}
{"timestamp": "2025-03-15T01:40:42.080294", "level": "WARNING", "message": "Error analyzing module ui/renderers.py: invalid syntax (<unknown>, line 25)", "logger": "python_fixer.analyzers.project_analysis", "module": "project_analysis", "function": "_scan_structure", "line": 245}
{"timestamp": "2025-03-15T01:40:42.083007", "level": "WARNING", "message": "Error analyzing module ui/shop.py: invalid syntax (<unknown>, line 28)", "logger": "python_fixer.analyzers.project_analysis", "module": "project_analysis", "function": "_scan_structure", "line": 245}
{"timestamp": "2025-03-15T01:40:42.110548", "level": "WARNING", "message": "Error analyzing module utils/noise_generator_gpu.py: invalid syntax (<unknown>, line 23)", "logger": "python_fixer.analyzers.project_analysis", "module": "project_analysis", "function": "_scan_structure", "line": 245}
{"timestamp": "2025-03-15T01:40:42.116242", "level": "WARNING", "message": "Error analyzing module utils/fix_imports.py: unmatched ')' (<unknown>, line 39)", "logger": "python_fixer.analyzers.project_analysis", "module": "project_analysis", "function": "_scan_structure", "line": 245}
{"timestamp": "2025-03-15T01:40:42.222954", "level": "WARNING", "message": "Error analyzing module ui/ui_base/ascii_ui.py: unexpected indent (<unknown>, line 19)", "logger": "python_fixer.analyzers.project_analysis", "module": "project_analysis", "function": "_scan_structure", "line": 245}
{"timestamp": "2025-03-15T01:40:42.223365", "level": "WARNING", "message": "Error analyzing module ui/ui_base/ui_main.py: unexpected indent (<unknown>, line 24)", "logger": "python_fixer.analyzers.project_analysis", "module": "project_analysis", "function": "_scan_structure", "line": 245}
{"timestamp": "2025-03-15T01:40:42.224396", "level": "WARNING", "message": "Error analyzing module ui/ui_base/ui_style.py: unexpected indent (<unknown>, line 21)", "logger": "python_fixer.analyzers.project_analysis", "module": "project_analysis", "function": "_scan_structure", "line": 245}
{"timestamp": "2025-03-15T01:40:42.226495", "level": "WARNING", "message": "Error analyzing module ui/ui_base/style_manager.py: unexpected indent (<unknown>, line 23)", "logger": "python_fixer.analyzers.project_analysis", "module": "project_analysis", "function": "_scan_structure", "line": 245}
{"timestamp": "2025-03-15T01:40:42.401200", "level": "DEBUG", "message": "Restored original handler for SIGINT", "logger": "python_fixer.core.signals", "module": "signals", "function": "unregister_signal", "line": 126}
{"timestamp": "2025-03-15T01:40:42.401295", "level": "DEBUG", "message": "Removing signal handler: cleanup", "logger": "python_fixer.core.signals", "module": "signals", "function": "unregister_handler", "line": 147}
{"timestamp": "2025-03-15T09:44:26.397515", "level": "INFO", "message": "Arguments and logging setup complete", "logger": "python_fixer", "module": "structured", "function": "info", "line": 131}
{"timestamp": "2025-03-15T09:44:26.457111", "level": "WARNING", "message": "Error analyzing module ui/__init__.py: invalid syntax (<unknown>, line 9)", "logger": "python_fixer.analyzers.project_analysis", "module": "project_analysis", "function": "_scan_structure", "line": 245}
{"timestamp": "2025-03-15T09:44:26.457994", "level": "WARNING", "message": "Error analyzing module ui/renderers.py: invalid syntax (<unknown>, line 25)", "logger": "python_fixer.analyzers.project_analysis", "module": "project_analysis", "function": "_scan_structure", "line": 245}
{"timestamp": "2025-03-15T09:44:26.460749", "level": "WARNING", "message": "Error analyzing module ui/shop.py: invalid syntax (<unknown>, line 28)", "logger": "python_fixer.analyzers.project_analysis", "module": "project_analysis", "function": "_scan_structure", "line": 245}
{"timestamp": "2025-03-15T09:44:26.489261", "level": "WARNING", "message": "Error analyzing module utils/noise_generator_gpu.py: invalid syntax (<unknown>, line 23)", "logger": "python_fixer.analyzers.project_analysis", "module": "project_analysis", "function": "_scan_structure", "line": 245}
{"timestamp": "2025-03-15T09:44:26.495219", "level": "WARNING", "message": "Error analyzing module utils/fix_imports.py: unmatched ')' (<unknown>, line 39)", "logger": "python_fixer.analyzers.project_analysis", "module": "project_analysis", "function": "_scan_structure", "line": 245}
{"timestamp": "2025-03-15T09:44:26.603051", "level": "WARNING", "message": "Error analyzing module ui/ui_base/ascii_ui.py: unexpected indent (<unknown>, line 19)", "logger": "python_fixer.analyzers.project_analysis", "module": "project_analysis", "function": "_scan_structure", "line": 245}
{"timestamp": "2025-03-15T09:44:26.603462", "level": "WARNING", "message": "Error analyzing module ui/ui_base/ui_main.py: unexpected indent (<unknown>, line 24)", "logger": "python_fixer.analyzers.project_analysis", "module": "project_analysis", "function": "_scan_structure", "line": 245}
{"timestamp": "2025-03-15T09:44:26.604433", "level": "WARNING", "message": "Error analyzing module ui/ui_base/ui_style.py: unexpected indent (<unknown>, line 21)", "logger": "python_fixer.analyzers.project_analysis", "module": "project_analysis", "function": "_scan_structure", "line": 245}
{"timestamp": "2025-03-15T09:44:26.606444", "level": "WARNING", "message": "Error analyzing module ui/ui_base/style_manager.py: unexpected indent (<unknown>, line 23)", "logger": "python_fixer.analyzers.project_analysis", "module": "project_analysis", "function": "_scan_structure", "line": 245}
{"timestamp": "2025-03-15T09:44:26.769011", "level": "INFO", "message": "Created backup directory at python_fixer_backup", "logger": "python_fixer.analyzers.project_analysis", "module": "project_analysis", "function": "_create_backups", "line": 111}
{"timestamp": "2025-03-15T09:44:26.769148", "level": "ERROR", "message": "Unexpected error: 'list' object has no attribute 'get'", "logger": "python_fixer", "module": "structured", "function": "error", "line": 141}
{"timestamp": "2025-03-15T09:44:26.769226", "level": "DEBUG", "message": "Restored original handler for SIGINT", "logger": "python_fixer.core.signals", "module": "signals", "function": "unregister_signal", "line": 126}
{"timestamp": "2025-03-15T09:44:26.769258", "level": "DEBUG", "message": "Removing signal handler: cleanup", "logger": "python_fixer.core.signals", "module": "signals", "function": "unregister_handler", "line": 147}
